2025-10-01 22:23:26 +00:00: [32m[Nest] 2775916  - [39m10/01/2025, 10:23:26 PM [32m    LOG[39m [38;5;3m[NestFactory] [39m[32mStarting Nest application...[39m
2025-10-01 22:23:26 +00:00: [32m[Nest] 2775916  - [39m10/01/2025, 10:23:26 PM [32m    LOG[39m [38;5;3m[InstanceLoader] [39m[32mAppModule dependencies initialized[39m[38;5;3m +19ms[39m
2025-10-01 22:23:26 +00:00: [32m[Nest] 2775916  - [39m10/01/2025, 10:23:26 PM [32m    LOG[39m [38;5;3m[InstanceLoader] [39m[32mThrottlerModule dependencies initialized[39m[38;5;3m +1ms[39m
2025-10-01 22:23:26 +00:00: [32m[Nest] 2775916  - [39m10/01/2025, 10:23:26 PM [32m    LOG[39m [38;5;3m[InstanceLoader] [39m[32mHealthModule dependencies initialized[39m[38;5;3m +0ms[39m
2025-10-01 22:23:26 +00:00: [32m[Nest] 2775916  - [39m10/01/2025, 10:23:26 PM [32m    LOG[39m [38;5;3m[InstanceLoader] [39m[32mConfigHostModule dependencies initialized[39m[38;5;3m +0ms[39m
2025-10-01 22:23:26 +00:00: [32m[Nest] 2775916  - [39m10/01/2025, 10:23:26 PM [32m    LOG[39m [38;5;3m[InstanceLoader] [39m[32mConfigModule dependencies initialized[39m[38;5;3m +0ms[39m
2025-10-01 22:23:26 +00:00: [32m[Nest] 2775916  - [39m10/01/2025, 10:23:26 PM [32m    LOG[39m [38;5;3m[InstanceLoader] [39m[32mConfigModule dependencies initialized[39m[38;5;3m +0ms[39m
2025-10-01 22:23:26 +00:00: [32m[Nest] 2775916  - [39m10/01/2025, 10:23:26 PM [32m    LOG[39m [38;5;3m[InstanceLoader] [39m[32mWebSocketModule dependencies initialized[39m[38;5;3m +9ms[39m
2025-10-01 22:23:26 +00:00: [32m[Nest] 2775916  - [39m10/01/2025, 10:23:26 PM [32m    LOG[39m [38;5;3m[InstanceLoader] [39m[32mAuthModule dependencies initialized[39m[38;5;3m +0ms[39m
2025-10-01 22:23:26 +00:00: [32m[Nest] 2775916  - [39m10/01/2025, 10:23:26 PM [32m    LOG[39m [38;5;3m[WebSocketsController] [39m[32mSocketGateway subscribed to the "authenticate" message[39m[38;5;3m +33ms[39m
2025-10-01 22:23:26 +00:00: [32m[Nest] 2775916  - [39m10/01/2025, 10:23:26 PM [32m    LOG[39m [38;5;3m[WebSocketsController] [39m[32mSocketGateway subscribed to the "update_online_status" message[39m[38;5;3m +0ms[39m
2025-10-01 22:23:26 +00:00: [32m[Nest] 2775916  - [39m10/01/2025, 10:23:26 PM [32m    LOG[39m [38;5;3m[WebSocketsController] [39m[32mSocketGateway subscribed to the "get_online_users" message[39m[38;5;3m +0ms[39m
2025-10-01 22:23:26 +00:00: [32m[Nest] 2775916  - [39m10/01/2025, 10:23:26 PM [32m    LOG[39m [38;5;3m[WebSocketsController] [39m[32mSocketGateway subscribed to the "typing_start" message[39m[38;5;3m +0ms[39m
2025-10-01 22:23:26 +00:00: [32m[Nest] 2775916  - [39m10/01/2025, 10:23:26 PM [32m    LOG[39m [38;5;3m[WebSocketsController] [39m[32mSocketGateway subscribed to the "typing_stop" message[39m[38;5;3m +0ms[39m
2025-10-01 22:23:26 +00:00: [32m[Nest] 2775916  - [39m10/01/2025, 10:23:26 PM [32m    LOG[39m [38;5;3m[RoutesResolver] [39m[32mAuthController {/api/auth}:[39m[38;5;3m +2ms[39m
2025-10-01 22:23:26 +00:00: [32m[Nest] 2775916  - [39m10/01/2025, 10:23:26 PM [32m    LOG[39m [38;5;3m[RouterExplorer] [39m[32mMapped {/api/auth/register, POST} route[39m[38;5;3m +4ms[39m
2025-10-01 22:23:26 +00:00: [32m[Nest] 2775916  - [39m10/01/2025, 10:23:26 PM [32m    LOG[39m [38;5;3m[RouterExplorer] [39m[32mMapped {/api/auth/login, POST} route[39m[38;5;3m +1ms[39m
2025-10-01 22:23:26 +00:00: [32m[Nest] 2775916  - [39m10/01/2025, 10:23:26 PM [32m    LOG[39m [38;5;3m[RouterExplorer] [39m[32mMapped {/api/auth/verify-email, POST} route[39m[38;5;3m +0ms[39m
2025-10-01 22:23:26 +00:00: [32m[Nest] 2775916  - [39m10/01/2025, 10:23:26 PM [32m    LOG[39m [38;5;3m[RouterExplorer] [39m[32mMapped {/api/auth/forgot-password, POST} route[39m[38;5;3m +1ms[39m
2025-10-01 22:23:26 +00:00: [32m[Nest] 2775916  - [39m10/01/2025, 10:23:26 PM [32m    LOG[39m [38;5;3m[RouterExplorer] [39m[32mMapped {/api/auth/reset-password, POST} route[39m[38;5;3m +0ms[39m
2025-10-01 22:23:26 +00:00: [32m[Nest] 2775916  - [39m10/01/2025, 10:23:26 PM [32m    LOG[39m [38;5;3m[RouterExplorer] [39m[32mMapped {/api/auth/refresh, POST} route[39m[38;5;3m +0ms[39m
2025-10-01 22:23:26 +00:00: [32m[Nest] 2775916  - [39m10/01/2025, 10:23:26 PM [32m    LOG[39m [38;5;3m[RouterExplorer] [39m[32mMapped {/api/auth/logout, POST} route[39m[38;5;3m +0ms[39m
2025-10-01 22:23:26 +00:00: [32m[Nest] 2775916  - [39m10/01/2025, 10:23:26 PM [32m    LOG[39m [38;5;3m[RouterExplorer] [39m[32mMapped {/api/auth/profile, GET} route[39m[38;5;3m +1ms[39m
2025-10-01 22:23:26 +00:00: [32m[Nest] 2775916  - [39m10/01/2025, 10:23:26 PM [32m    LOG[39m [38;5;3m[RouterExplorer] [39m[32mMapped {/api/auth/profile, PUT} route[39m[38;5;3m +1ms[39m
2025-10-01 22:23:26 +00:00: [32m[Nest] 2775916  - [39m10/01/2025, 10:23:26 PM [32m    LOG[39m [38;5;3m[RouterExplorer] [39m[32mMapped {/api/auth/online-status, PUT} route[39m[38;5;3m +0ms[39m
2025-10-01 22:23:26 +00:00: [32m[Nest] 2775916  - [39m10/01/2025, 10:23:26 PM [32m    LOG[39m [38;5;3m[RouterExplorer] [39m[32mMapped {/api/auth/resend-verification, POST} route[39m[38;5;3m +1ms[39m
2025-10-01 22:23:26 +00:00: [32m[Nest] 2775916  - [39m10/01/2025, 10:23:26 PM [32m    LOG[39m [38;5;3m[RouterExplorer] [39m[32mMapped {/api/auth/admin/reset-password, POST} route[39m[38;5;3m +0ms[39m
2025-10-01 22:23:26 +00:00: [32m[Nest] 2775916  - [39m10/01/2025, 10:23:26 PM [32m    LOG[39m [38;5;3m[RouterExplorer] [39m[32mMapped {/api/auth/email-health, GET} route[39m[38;5;3m +1ms[39m
2025-10-01 22:23:26 +00:00: [32m[Nest] 2775916  - [39m10/01/2025, 10:23:26 PM [32m    LOG[39m [38;5;3m[RoutesResolver] [39m[32mHealthController {/api/health}:[39m[38;5;3m +0ms[39m
2025-10-01 22:23:26 +00:00: [32m[Nest] 2775916  - [39m10/01/2025, 10:23:26 PM [32m    LOG[39m [38;5;3m[RouterExplorer] [39m[32mMapped {/api/health, GET} route[39m[38;5;3m +0ms[39m
2025-10-01 22:23:26 +00:00: ✅ Database connected successfully
2025-10-01 22:23:26 +00:00: [32m[Nest] 2775916  - [39m10/01/2025, 10:23:26 PM [32m    LOG[39m [38;5;3m[NestApplication] [39m[32mNest application successfully started[39m[38;5;3m +21ms[39m
2025-10-01 22:24:09 +00:00: [32m[Nest] 2776610  - [39m10/01/2025, 10:24:09 PM [32m    LOG[39m [38;5;3m[NestFactory] [39m[32mStarting Nest application...[39m
2025-10-01 22:24:09 +00:00: [32m[Nest] 2776610  - [39m10/01/2025, 10:24:09 PM [32m    LOG[39m [38;5;3m[InstanceLoader] [39m[32mAppModule dependencies initialized[39m[38;5;3m +55ms[39m
2025-10-01 22:24:09 +00:00: [32m[Nest] 2776610  - [39m10/01/2025, 10:24:09 PM [32m    LOG[39m [38;5;3m[InstanceLoader] [39m[32mThrottlerModule dependencies initialized[39m[38;5;3m +1ms[39m
2025-10-01 22:24:09 +00:00: [32m[Nest] 2776610  - [39m10/01/2025, 10:24:09 PM [32m    LOG[39m [38;5;3m[InstanceLoader] [39m[32mHealthModule dependencies initialized[39m[38;5;3m +0ms[39m
2025-10-01 22:24:09 +00:00: [32m[Nest] 2776610  - [39m10/01/2025, 10:24:09 PM [32m    LOG[39m [38;5;3m[InstanceLoader] [39m[32mConfigHostModule dependencies initialized[39m[38;5;3m +1ms[39m
2025-10-01 22:24:09 +00:00: [32m[Nest] 2776610  - [39m10/01/2025, 10:24:09 PM [32m    LOG[39m [38;5;3m[InstanceLoader] [39m[32mConfigModule dependencies initialized[39m[38;5;3m +0ms[39m
2025-10-01 22:24:09 +00:00: [32m[Nest] 2776610  - [39m10/01/2025, 10:24:09 PM [32m    LOG[39m [38;5;3m[InstanceLoader] [39m[32mConfigModule dependencies initialized[39m[38;5;3m +0ms[39m
2025-10-01 22:24:09 +00:00: [32m[Nest] 2776610  - [39m10/01/2025, 10:24:09 PM [32m    LOG[39m [38;5;3m[InstanceLoader] [39m[32mWebSocketModule dependencies initialized[39m[38;5;3m +22ms[39m
2025-10-01 22:24:09 +00:00: [32m[Nest] 2776610  - [39m10/01/2025, 10:24:09 PM [32m    LOG[39m [38;5;3m[InstanceLoader] [39m[32mAuthModule dependencies initialized[39m[38;5;3m +1ms[39m
2025-10-01 22:24:09 +00:00: [32m[Nest] 2776610  - [39m10/01/2025, 10:24:09 PM [32m    LOG[39m [38;5;3m[WebSocketsController] [39m[32mSocketGateway subscribed to the "authenticate" message[39m[38;5;3m +86ms[39m
2025-10-01 22:24:09 +00:00: [32m[Nest] 2776610  - [39m10/01/2025, 10:24:09 PM [32m    LOG[39m [38;5;3m[WebSocketsController] [39m[32mSocketGateway subscribed to the "update_online_status" message[39m[38;5;3m +3ms[39m
2025-10-01 22:24:09 +00:00: [32m[Nest] 2776610  - [39m10/01/2025, 10:24:09 PM [32m    LOG[39m [38;5;3m[WebSocketsController] [39m[32mSocketGateway subscribed to the "get_online_users" message[39m[38;5;3m +1ms[39m
2025-10-01 22:24:09 +00:00: [32m[Nest] 2776610  - [39m10/01/2025, 10:24:09 PM [32m    LOG[39m [38;5;3m[WebSocketsController] [39m[32mSocketGateway subscribed to the "typing_start" message[39m[38;5;3m +0ms[39m
2025-10-01 22:24:09 +00:00: [32m[Nest] 2776610  - [39m10/01/2025, 10:24:09 PM [32m    LOG[39m [38;5;3m[WebSocketsController] [39m[32mSocketGateway subscribed to the "typing_stop" message[39m[38;5;3m +0ms[39m
2025-10-01 22:24:09 +00:00: [32m[Nest] 2776610  - [39m10/01/2025, 10:24:09 PM [32m    LOG[39m [38;5;3m[RoutesResolver] [39m[32mAuthController {/api/auth}:[39m[38;5;3m +1ms[39m
2025-10-01 22:24:09 +00:00: [32m[Nest] 2776610  - [39m10/01/2025, 10:24:09 PM [32m    LOG[39m [38;5;3m[RouterExplorer] [39m[32mMapped {/api/auth/register, POST} route[39m[38;5;3m +4ms[39m
2025-10-01 22:24:09 +00:00: [32m[Nest] 2776610  - [39m10/01/2025, 10:24:09 PM [32m    LOG[39m [38;5;3m[RouterExplorer] [39m[32mMapped {/api/auth/login, POST} route[39m[38;5;3m +2ms[39m
2025-10-01 22:24:09 +00:00: [32m[Nest] 2776610  - [39m10/01/2025, 10:24:09 PM [32m    LOG[39m [38;5;3m[RouterExplorer] [39m[32mMapped {/api/auth/verify-email, POST} route[39m[38;5;3m +1ms[39m
2025-10-01 22:24:09 +00:00: [32m[Nest] 2776610  - [39m10/01/2025, 10:24:09 PM [32m    LOG[39m [38;5;3m[RouterExplorer] [39m[32mMapped {/api/auth/forgot-password, POST} route[39m[38;5;3m +0ms[39m
2025-10-01 22:24:09 +00:00: [32m[Nest] 2776610  - [39m10/01/2025, 10:24:09 PM [32m    LOG[39m [38;5;3m[RouterExplorer] [39m[32mMapped {/api/auth/reset-password, POST} route[39m[38;5;3m +3ms[39m
2025-10-01 22:24:09 +00:00: [32m[Nest] 2776610  - [39m10/01/2025, 10:24:09 PM [32m    LOG[39m [38;5;3m[RouterExplorer] [39m[32mMapped {/api/auth/refresh, POST} route[39m[38;5;3m +1ms[39m
2025-10-01 22:24:09 +00:00: [32m[Nest] 2776610  - [39m10/01/2025, 10:24:09 PM [32m    LOG[39m [38;5;3m[RouterExplorer] [39m[32mMapped {/api/auth/logout, POST} route[39m[38;5;3m +0ms[39m
2025-10-01 22:24:09 +00:00: [32m[Nest] 2776610  - [39m10/01/2025, 10:24:09 PM [32m    LOG[39m [38;5;3m[RouterExplorer] [39m[32mMapped {/api/auth/profile, GET} route[39m[38;5;3m +0ms[39m
2025-10-01 22:24:09 +00:00: [32m[Nest] 2776610  - [39m10/01/2025, 10:24:09 PM [32m    LOG[39m [38;5;3m[RouterExplorer] [39m[32mMapped {/api/auth/profile, PUT} route[39m[38;5;3m +1ms[39m
2025-10-01 22:24:09 +00:00: [32m[Nest] 2776610  - [39m10/01/2025, 10:24:09 PM [32m    LOG[39m [38;5;3m[RouterExplorer] [39m[32mMapped {/api/auth/online-status, PUT} route[39m[38;5;3m +4ms[39m
2025-10-01 22:24:09 +00:00: [32m[Nest] 2776610  - [39m10/01/2025, 10:24:09 PM [32m    LOG[39m [38;5;3m[RouterExplorer] [39m[32mMapped {/api/auth/resend-verification, POST} route[39m[38;5;3m +0ms[39m
2025-10-01 22:24:09 +00:00: [32m[Nest] 2776610  - [39m10/01/2025, 10:24:09 PM [32m    LOG[39m [38;5;3m[RouterExplorer] [39m[32mMapped {/api/auth/admin/reset-password, POST} route[39m[38;5;3m +1ms[39m
2025-10-01 22:24:09 +00:00: [32m[Nest] 2776610  - [39m10/01/2025, 10:24:09 PM [32m    LOG[39m [38;5;3m[RouterExplorer] [39m[32mMapped {/api/auth/email-health, GET} route[39m[38;5;3m +0ms[39m
2025-10-01 22:24:09 +00:00: [32m[Nest] 2776610  - [39m10/01/2025, 10:24:09 PM [32m    LOG[39m [38;5;3m[RoutesResolver] [39m[32mHealthController {/api/health}:[39m[38;5;3m +0ms[39m
2025-10-01 22:24:09 +00:00: [32m[Nest] 2776610  - [39m10/01/2025, 10:24:09 PM [32m    LOG[39m [38;5;3m[RouterExplorer] [39m[32mMapped {/api/health, GET} route[39m[38;5;3m +0ms[39m
2025-10-01 22:24:09 +00:00: ✅ Database connected successfully
2025-10-01 22:24:09 +00:00: [32m[Nest] 2776610  - [39m10/01/2025, 10:24:09 PM [32m    LOG[39m [38;5;3m[NestApplication] [39m[32mNest application successfully started[39m[38;5;3m +34ms[39m
2025-10-01 22:37:13 +00:00: [32m[Nest] 2783663  - [39m10/01/2025, 10:37:13 PM [32m    LOG[39m [38;5;3m[NestFactory] [39m[32mStarting Nest application...[39m
2025-10-01 22:37:13 +00:00: [32m[Nest] 2783663  - [39m10/01/2025, 10:37:13 PM [32m    LOG[39m [38;5;3m[InstanceLoader] [39m[32mAppModule dependencies initialized[39m[38;5;3m +19ms[39m
2025-10-01 22:37:13 +00:00: [32m[Nest] 2783663  - [39m10/01/2025, 10:37:13 PM [32m    LOG[39m [38;5;3m[InstanceLoader] [39m[32mThrottlerModule dependencies initialized[39m[38;5;3m +0ms[39m
2025-10-01 22:37:13 +00:00: [32m[Nest] 2783663  - [39m10/01/2025, 10:37:13 PM [32m    LOG[39m [38;5;3m[InstanceLoader] [39m[32mHealthModule dependencies initialized[39m[38;5;3m +1ms[39m
2025-10-01 22:37:13 +00:00: [32m[Nest] 2783663  - [39m10/01/2025, 10:37:13 PM [32m    LOG[39m [38;5;3m[InstanceLoader] [39m[32mConfigHostModule dependencies initialized[39m[38;5;3m +0ms[39m
2025-10-01 22:37:13 +00:00: [32m[Nest] 2783663  - [39m10/01/2025, 10:37:13 PM [32m    LOG[39m [38;5;3m[InstanceLoader] [39m[32mConfigModule dependencies initialized[39m[38;5;3m +1ms[39m
2025-10-01 22:37:13 +00:00: [32m[Nest] 2783663  - [39m10/01/2025, 10:37:13 PM [32m    LOG[39m [38;5;3m[InstanceLoader] [39m[32mConfigModule dependencies initialized[39m[38;5;3m +0ms[39m
2025-10-01 22:37:13 +00:00: [32m[Nest] 2783663  - [39m10/01/2025, 10:37:13 PM [32m    LOG[39m [38;5;3m[InstanceLoader] [39m[32mWebSocketModule dependencies initialized[39m[38;5;3m +11ms[39m
2025-10-01 22:37:13 +00:00: [32m[Nest] 2783663  - [39m10/01/2025, 10:37:13 PM [32m    LOG[39m [38;5;3m[InstanceLoader] [39m[32mAuthModule dependencies initialized[39m[38;5;3m +1ms[39m
2025-10-01 22:37:13 +00:00: [32m[Nest] 2783663  - [39m10/01/2025, 10:37:13 PM [32m    LOG[39m [38;5;3m[WebSocketsController] [39m[32mSocketGateway subscribed to the "authenticate" message[39m[38;5;3m +37ms[39m
2025-10-01 22:37:13 +00:00: [32m[Nest] 2783663  - [39m10/01/2025, 10:37:13 PM [32m    LOG[39m [38;5;3m[WebSocketsController] [39m[32mSocketGateway subscribed to the "update_online_status" message[39m[38;5;3m +1ms[39m
2025-10-01 22:37:13 +00:00: [32m[Nest] 2783663  - [39m10/01/2025, 10:37:13 PM [32m    LOG[39m [38;5;3m[WebSocketsController] [39m[32mSocketGateway subscribed to the "get_online_users" message[39m[38;5;3m +0ms[39m
2025-10-01 22:37:13 +00:00: [32m[Nest] 2783663  - [39m10/01/2025, 10:37:13 PM [32m    LOG[39m [38;5;3m[WebSocketsController] [39m[32mSocketGateway subscribed to the "typing_start" message[39m[38;5;3m +0ms[39m
2025-10-01 22:37:13 +00:00: [32m[Nest] 2783663  - [39m10/01/2025, 10:37:13 PM [32m    LOG[39m [38;5;3m[WebSocketsController] [39m[32mSocketGateway subscribed to the "typing_stop" message[39m[38;5;3m +0ms[39m
2025-10-01 22:37:13 +00:00: [32m[Nest] 2783663  - [39m10/01/2025, 10:37:13 PM [32m    LOG[39m [38;5;3m[RoutesResolver] [39m[32mAuthController {/api/auth}:[39m[38;5;3m +1ms[39m
2025-10-01 22:37:13 +00:00: [32m[Nest] 2783663  - [39m10/01/2025, 10:37:13 PM [32m    LOG[39m [38;5;3m[RouterExplorer] [39m[32mMapped {/api/auth/register, POST} route[39m[38;5;3m +3ms[39m
2025-10-01 22:37:13 +00:00: [32m[Nest] 2783663  - [39m10/01/2025, 10:37:13 PM [32m    LOG[39m [38;5;3m[RouterExplorer] [39m[32mMapped {/api/auth/login, POST} route[39m[38;5;3m +1ms[39m
2025-10-01 22:37:13 +00:00: [32m[Nest] 2783663  - [39m10/01/2025, 10:37:13 PM [32m    LOG[39m [38;5;3m[RouterExplorer] [39m[32mMapped {/api/auth/verify-email, POST} route[39m[38;5;3m +0ms[39m
2025-10-01 22:37:13 +00:00: [32m[Nest] 2783663  - [39m10/01/2025, 10:37:13 PM [32m    LOG[39m [38;5;3m[RouterExplorer] [39m[32mMapped {/api/auth/forgot-password, POST} route[39m[38;5;3m +0ms[39m
2025-10-01 22:37:13 +00:00: [32m[Nest] 2783663  - [39m10/01/2025, 10:37:13 PM [32m    LOG[39m [38;5;3m[RouterExplorer] [39m[32mMapped {/api/auth/reset-password, POST} route[39m[38;5;3m +0ms[39m
2025-10-01 22:37:13 +00:00: [32m[Nest] 2783663  - [39m10/01/2025, 10:37:13 PM [32m    LOG[39m [38;5;3m[RouterExplorer] [39m[32mMapped {/api/auth/refresh, POST} route[39m[38;5;3m +0ms[39m
2025-10-01 22:37:13 +00:00: [32m[Nest] 2783663  - [39m10/01/2025, 10:37:13 PM [32m    LOG[39m [38;5;3m[RouterExplorer] [39m[32mMapped {/api/auth/logout, POST} route[39m[38;5;3m +1ms[39m
2025-10-01 22:37:13 +00:00: [32m[Nest] 2783663  - [39m10/01/2025, 10:37:13 PM [32m    LOG[39m [38;5;3m[RouterExplorer] [39m[32mMapped {/api/auth/profile, GET} route[39m[38;5;3m +0ms[39m
2025-10-01 22:37:13 +00:00: [32m[Nest] 2783663  - [39m10/01/2025, 10:37:13 PM [32m    LOG[39m [38;5;3m[RouterExplorer] [39m[32mMapped {/api/auth/profile, PUT} route[39m[38;5;3m +2ms[39m
2025-10-01 22:37:13 +00:00: [32m[Nest] 2783663  - [39m10/01/2025, 10:37:13 PM [32m    LOG[39m [38;5;3m[RouterExplorer] [39m[32mMapped {/api/auth/online-status, PUT} route[39m[38;5;3m +0ms[39m
2025-10-01 22:37:13 +00:00: [32m[Nest] 2783663  - [39m10/01/2025, 10:37:13 PM [32m    LOG[39m [38;5;3m[RouterExplorer] [39m[32mMapped {/api/auth/resend-verification, POST} route[39m[38;5;3m +1ms[39m
2025-10-01 22:37:13 +00:00: [32m[Nest] 2783663  - [39m10/01/2025, 10:37:13 PM [32m    LOG[39m [38;5;3m[RouterExplorer] [39m[32mMapped {/api/auth/admin/reset-password, POST} route[39m[38;5;3m +1ms[39m
2025-10-01 22:37:13 +00:00: [32m[Nest] 2783663  - [39m10/01/2025, 10:37:13 PM [32m    LOG[39m [38;5;3m[RouterExplorer] [39m[32mMapped {/api/auth/email-health, GET} route[39m[38;5;3m +0ms[39m
2025-10-01 22:37:13 +00:00: [32m[Nest] 2783663  - [39m10/01/2025, 10:37:13 PM [32m    LOG[39m [38;5;3m[RoutesResolver] [39m[32mHealthController {/api/health}:[39m[38;5;3m +0ms[39m
2025-10-01 22:37:13 +00:00: [32m[Nest] 2783663  - [39m10/01/2025, 10:37:13 PM [32m    LOG[39m [38;5;3m[RouterExplorer] [39m[32mMapped {/api/health, GET} route[39m[38;5;3m +2ms[39m
2025-10-01 22:37:13 +00:00: ✅ Database connected successfully
2025-10-01 22:37:13 +00:00: [32m[Nest] 2783663  - [39m10/01/2025, 10:37:13 PM [32m    LOG[39m [38;5;3m[NestApplication] [39m[32mNest application successfully started[39m[38;5;3m +111ms[39m
2025-10-01 23:10:23 +00:00: [32m[Nest] 2791898  - [39m10/01/2025, 11:10:23 PM [32m    LOG[39m [38;5;3m[NestFactory] [39m[32mStarting Nest application...[39m
2025-10-01 23:10:23 +00:00: [32m[Nest] 2791898  - [39m10/01/2025, 11:10:23 PM [32m    LOG[39m [38;5;3m[InstanceLoader] [39m[32mAppModule dependencies initialized[39m[38;5;3m +17ms[39m
2025-10-01 23:10:23 +00:00: [32m[Nest] 2791898  - [39m10/01/2025, 11:10:23 PM [32m    LOG[39m [38;5;3m[InstanceLoader] [39m[32mThrottlerModule dependencies initialized[39m[38;5;3m +0ms[39m
2025-10-01 23:10:23 +00:00: [32m[Nest] 2791898  - [39m10/01/2025, 11:10:23 PM [32m    LOG[39m [38;5;3m[InstanceLoader] [39m[32mHealthModule dependencies initialized[39m[38;5;3m +0ms[39m
2025-10-01 23:10:23 +00:00: [32m[Nest] 2791898  - [39m10/01/2025, 11:10:23 PM [32m    LOG[39m [38;5;3m[InstanceLoader] [39m[32mConfigHostModule dependencies initialized[39m[38;5;3m +0ms[39m
2025-10-01 23:10:23 +00:00: [32m[Nest] 2791898  - [39m10/01/2025, 11:10:23 PM [32m    LOG[39m [38;5;3m[InstanceLoader] [39m[32mConfigModule dependencies initialized[39m[38;5;3m +1ms[39m
2025-10-01 23:10:23 +00:00: [32m[Nest] 2791898  - [39m10/01/2025, 11:10:23 PM [32m    LOG[39m [38;5;3m[InstanceLoader] [39m[32mConfigModule dependencies initialized[39m[38;5;3m +0ms[39m
2025-10-01 23:10:23 +00:00: [32m[Nest] 2791898  - [39m10/01/2025, 11:10:23 PM [32m    LOG[39m [38;5;3m[InstanceLoader] [39m[32mWebSocketModule dependencies initialized[39m[38;5;3m +7ms[39m
2025-10-01 23:10:23 +00:00: [32m[Nest] 2791898  - [39m10/01/2025, 11:10:23 PM [32m    LOG[39m [38;5;3m[InstanceLoader] [39m[32mAuthModule dependencies initialized[39m[38;5;3m +1ms[39m
2025-10-01 23:10:23 +00:00: [32m[Nest] 2791898  - [39m10/01/2025, 11:10:23 PM [32m    LOG[39m [38;5;3m[WebSocketsController] [39m[32mSocketGateway subscribed to the "authenticate" message[39m[38;5;3m +25ms[39m
2025-10-01 23:10:23 +00:00: [32m[Nest] 2791898  - [39m10/01/2025, 11:10:23 PM [32m    LOG[39m [38;5;3m[WebSocketsController] [39m[32mSocketGateway subscribed to the "update_online_status" message[39m[38;5;3m +0ms[39m
2025-10-01 23:10:23 +00:00: [32m[Nest] 2791898  - [39m10/01/2025, 11:10:23 PM [32m    LOG[39m [38;5;3m[WebSocketsController] [39m[32mSocketGateway subscribed to the "get_online_users" message[39m[38;5;3m +0ms[39m
2025-10-01 23:10:23 +00:00: [32m[Nest] 2791898  - [39m10/01/2025, 11:10:23 PM [32m    LOG[39m [38;5;3m[WebSocketsController] [39m[32mSocketGateway subscribed to the "typing_start" message[39m[38;5;3m +0ms[39m
2025-10-01 23:10:23 +00:00: [32m[Nest] 2791898  - [39m10/01/2025, 11:10:23 PM [32m    LOG[39m [38;5;3m[WebSocketsController] [39m[32mSocketGateway subscribed to the "typing_stop" message[39m[38;5;3m +0ms[39m
2025-10-01 23:10:23 +00:00: [32m[Nest] 2791898  - [39m10/01/2025, 11:10:23 PM [32m    LOG[39m [38;5;3m[RoutesResolver] [39m[32mAuthController {/api/auth}:[39m[38;5;3m +1ms[39m
2025-10-01 23:10:23 +00:00: [32m[Nest] 2791898  - [39m10/01/2025, 11:10:23 PM [32m    LOG[39m [38;5;3m[RouterExplorer] [39m[32mMapped {/api/auth/register, POST} route[39m[38;5;3m +1ms[39m
2025-10-01 23:10:23 +00:00: [32m[Nest] 2791898  - [39m10/01/2025, 11:10:23 PM [32m    LOG[39m [38;5;3m[RouterExplorer] [39m[32mMapped {/api/auth/login, POST} route[39m[38;5;3m +0ms[39m
2025-10-01 23:10:23 +00:00: [32m[Nest] 2791898  - [39m10/01/2025, 11:10:23 PM [32m    LOG[39m [38;5;3m[RouterExplorer] [39m[32mMapped {/api/auth/verify-email, POST} route[39m[38;5;3m +1ms[39m
2025-10-01 23:10:23 +00:00: [32m[Nest] 2791898  - [39m10/01/2025, 11:10:23 PM [32m    LOG[39m [38;5;3m[RouterExplorer] [39m[32mMapped {/api/auth/forgot-password, POST} route[39m[38;5;3m +0ms[39m
2025-10-01 23:10:23 +00:00: [32m[Nest] 2791898  - [39m10/01/2025, 11:10:23 PM [32m    LOG[39m [38;5;3m[RouterExplorer] [39m[32mMapped {/api/auth/reset-password, POST} route[39m[38;5;3m +0ms[39m
2025-10-01 23:10:23 +00:00: [32m[Nest] 2791898  - [39m10/01/2025, 11:10:23 PM [32m    LOG[39m [38;5;3m[RouterExplorer] [39m[32mMapped {/api/auth/refresh, POST} route[39m[38;5;3m +0ms[39m
2025-10-01 23:10:23 +00:00: [32m[Nest] 2791898  - [39m10/01/2025, 11:10:23 PM [32m    LOG[39m [38;5;3m[RouterExplorer] [39m[32mMapped {/api/auth/logout, POST} route[39m[38;5;3m +0ms[39m
2025-10-01 23:10:23 +00:00: [32m[Nest] 2791898  - [39m10/01/2025, 11:10:23 PM [32m    LOG[39m [38;5;3m[RouterExplorer] [39m[32mMapped {/api/auth/profile, GET} route[39m[38;5;3m +0ms[39m
2025-10-01 23:10:23 +00:00: [32m[Nest] 2791898  - [39m10/01/2025, 11:10:23 PM [32m    LOG[39m [38;5;3m[RouterExplorer] [39m[32mMapped {/api/auth/profile, PUT} route[39m[38;5;3m +2ms[39m
2025-10-01 23:10:23 +00:00: [32m[Nest] 2791898  - [39m10/01/2025, 11:10:23 PM [32m    LOG[39m [38;5;3m[RouterExplorer] [39m[32mMapped {/api/auth/online-status, PUT} route[39m[38;5;3m +0ms[39m
2025-10-01 23:10:23 +00:00: [32m[Nest] 2791898  - [39m10/01/2025, 11:10:23 PM [32m    LOG[39m [38;5;3m[RouterExplorer] [39m[32mMapped {/api/auth/resend-verification, POST} route[39m[38;5;3m +0ms[39m
2025-10-01 23:10:23 +00:00: [32m[Nest] 2791898  - [39m10/01/2025, 11:10:23 PM [32m    LOG[39m [38;5;3m[RouterExplorer] [39m[32mMapped {/api/auth/admin/reset-password, POST} route[39m[38;5;3m +1ms[39m
2025-10-01 23:10:23 +00:00: [32m[Nest] 2791898  - [39m10/01/2025, 11:10:23 PM [32m    LOG[39m [38;5;3m[RouterExplorer] [39m[32mMapped {/api/auth/email-health, GET} route[39m[38;5;3m +0ms[39m
2025-10-01 23:10:23 +00:00: [32m[Nest] 2791898  - [39m10/01/2025, 11:10:23 PM [32m    LOG[39m [38;5;3m[RoutesResolver] [39m[32mHealthController {/api/health}:[39m[38;5;3m +0ms[39m
2025-10-01 23:10:23 +00:00: [32m[Nest] 2791898  - [39m10/01/2025, 11:10:23 PM [32m    LOG[39m [38;5;3m[RouterExplorer] [39m[32mMapped {/api/health, GET} route[39m[38;5;3m +0ms[39m
2025-10-01 23:10:24 +00:00: ✅ Database connected successfully
2025-10-01 23:10:24 +00:00: [32m[Nest] 2791898  - [39m10/01/2025, 11:10:24 PM [32m    LOG[39m [38;5;3m[NestApplication] [39m[32mNest application successfully started[39m[38;5;3m +101ms[39m
2025-10-01 23:12:54 +00:00: [32m[Nest] 2792454  - [39m10/01/2025, 11:12:54 PM [32m    LOG[39m [38;5;3m[NestFactory] [39m[32mStarting Nest application...[39m
2025-10-01 23:12:54 +00:00: [32m[Nest] 2792454  - [39m10/01/2025, 11:12:54 PM [32m    LOG[39m [38;5;3m[InstanceLoader] [39m[32mAppModule dependencies initialized[39m[38;5;3m +16ms[39m
2025-10-01 23:12:54 +00:00: [32m[Nest] 2792454  - [39m10/01/2025, 11:12:54 PM [32m    LOG[39m [38;5;3m[InstanceLoader] [39m[32mThrottlerModule dependencies initialized[39m[38;5;3m +1ms[39m
2025-10-01 23:12:54 +00:00: [32m[Nest] 2792454  - [39m10/01/2025, 11:12:54 PM [32m    LOG[39m [38;5;3m[InstanceLoader] [39m[32mHealthModule dependencies initialized[39m[38;5;3m +0ms[39m
2025-10-01 23:12:54 +00:00: [32m[Nest] 2792454  - [39m10/01/2025, 11:12:54 PM [32m    LOG[39m [38;5;3m[InstanceLoader] [39m[32mConfigHostModule dependencies initialized[39m[38;5;3m +0ms[39m
2025-10-01 23:12:54 +00:00: [32m[Nest] 2792454  - [39m10/01/2025, 11:12:54 PM [32m    LOG[39m [38;5;3m[InstanceLoader] [39m[32mConfigModule dependencies initialized[39m[38;5;3m +0ms[39m
2025-10-01 23:12:54 +00:00: [32m[Nest] 2792454  - [39m10/01/2025, 11:12:54 PM [32m    LOG[39m [38;5;3m[InstanceLoader] [39m[32mConfigModule dependencies initialized[39m[38;5;3m +0ms[39m
2025-10-01 23:12:54 +00:00: [32m[Nest] 2792454  - [39m10/01/2025, 11:12:54 PM [32m    LOG[39m [38;5;3m[InstanceLoader] [39m[32mWebSocketModule dependencies initialized[39m[38;5;3m +8ms[39m
2025-10-01 23:12:54 +00:00: [32m[Nest] 2792454  - [39m10/01/2025, 11:12:54 PM [32m    LOG[39m [38;5;3m[InstanceLoader] [39m[32mAuthModule dependencies initialized[39m[38;5;3m +0ms[39m
2025-10-01 23:12:54 +00:00: [32m[Nest] 2792454  - [39m10/01/2025, 11:12:54 PM [32m    LOG[39m [38;5;3m[WebSocketsController] [39m[32mSocketGateway subscribed to the "authenticate" message[39m[38;5;3m +41ms[39m
2025-10-01 23:12:54 +00:00: [32m[Nest] 2792454  - [39m10/01/2025, 11:12:54 PM [32m    LOG[39m [38;5;3m[WebSocketsController] [39m[32mSocketGateway subscribed to the "update_online_status" message[39m[38;5;3m +0ms[39m
2025-10-01 23:12:54 +00:00: [32m[Nest] 2792454  - [39m10/01/2025, 11:12:54 PM [32m    LOG[39m [38;5;3m[WebSocketsController] [39m[32mSocketGateway subscribed to the "get_online_users" message[39m[38;5;3m +0ms[39m
2025-10-01 23:12:54 +00:00: [32m[Nest] 2792454  - [39m10/01/2025, 11:12:54 PM [32m    LOG[39m [38;5;3m[WebSocketsController] [39m[32mSocketGateway subscribed to the "typing_start" message[39m[38;5;3m +0ms[39m
2025-10-01 23:12:54 +00:00: [32m[Nest] 2792454  - [39m10/01/2025, 11:12:54 PM [32m    LOG[39m [38;5;3m[WebSocketsController] [39m[32mSocketGateway subscribed to the "typing_stop" message[39m[38;5;3m +0ms[39m
2025-10-01 23:12:54 +00:00: [32m[Nest] 2792454  - [39m10/01/2025, 11:12:54 PM [32m    LOG[39m [38;5;3m[RoutesResolver] [39m[32mAuthController {/api/auth}:[39m[38;5;3m +1ms[39m
2025-10-01 23:12:54 +00:00: [32m[Nest] 2792454  - [39m10/01/2025, 11:12:54 PM [32m    LOG[39m [38;5;3m[RouterExplorer] [39m[32mMapped {/api/auth/register, POST} route[39m[38;5;3m +3ms[39m
2025-10-01 23:12:54 +00:00: [32m[Nest] 2792454  - [39m10/01/2025, 11:12:54 PM [32m    LOG[39m [38;5;3m[RouterExplorer] [39m[32mMapped {/api/auth/login, POST} route[39m[38;5;3m +1ms[39m
2025-10-01 23:12:54 +00:00: [32m[Nest] 2792454  - [39m10/01/2025, 11:12:54 PM [32m    LOG[39m [38;5;3m[RouterExplorer] [39m[32mMapped {/api/auth/verify-email, POST} route[39m[38;5;3m +0ms[39m
2025-10-01 23:12:54 +00:00: [32m[Nest] 2792454  - [39m10/01/2025, 11:12:54 PM [32m    LOG[39m [38;5;3m[RouterExplorer] [39m[32mMapped {/api/auth/forgot-password, POST} route[39m[38;5;3m +0ms[39m
2025-10-01 23:12:54 +00:00: [32m[Nest] 2792454  - [39m10/01/2025, 11:12:54 PM [32m    LOG[39m [38;5;3m[RouterExplorer] [39m[32mMapped {/api/auth/reset-password, POST} route[39m[38;5;3m +0ms[39m
2025-10-01 23:12:54 +00:00: [32m[Nest] 2792454  - [39m10/01/2025, 11:12:54 PM [32m    LOG[39m [38;5;3m[RouterExplorer] [39m[32mMapped {/api/auth/refresh, POST} route[39m[38;5;3m +1ms[39m
2025-10-01 23:12:54 +00:00: [32m[Nest] 2792454  - [39m10/01/2025, 11:12:54 PM [32m    LOG[39m [38;5;3m[RouterExplorer] [39m[32mMapped {/api/auth/logout, POST} route[39m[38;5;3m +0ms[39m
2025-10-01 23:12:54 +00:00: [32m[Nest] 2792454  - [39m10/01/2025, 11:12:54 PM [32m    LOG[39m [38;5;3m[RouterExplorer] [39m[32mMapped {/api/auth/profile, GET} route[39m[38;5;3m +0ms[39m
2025-10-01 23:12:54 +00:00: [32m[Nest] 2792454  - [39m10/01/2025, 11:12:54 PM [32m    LOG[39m [38;5;3m[RouterExplorer] [39m[32mMapped {/api/auth/profile, PUT} route[39m[38;5;3m +0ms[39m
2025-10-01 23:12:54 +00:00: [32m[Nest] 2792454  - [39m10/01/2025, 11:12:54 PM [32m    LOG[39m [38;5;3m[RouterExplorer] [39m[32mMapped {/api/auth/online-status, PUT} route[39m[38;5;3m +1ms[39m
2025-10-01 23:12:54 +00:00: [32m[Nest] 2792454  - [39m10/01/2025, 11:12:54 PM [32m    LOG[39m [38;5;3m[RouterExplorer] [39m[32mMapped {/api/auth/resend-verification, POST} route[39m[38;5;3m +0ms[39m
2025-10-01 23:12:54 +00:00: [32m[Nest] 2792454  - [39m10/01/2025, 11:12:54 PM [32m    LOG[39m [38;5;3m[RouterExplorer] [39m[32mMapped {/api/auth/admin/reset-password, POST} route[39m[38;5;3m +0ms[39m
2025-10-01 23:12:54 +00:00: [32m[Nest] 2792454  - [39m10/01/2025, 11:12:54 PM [32m    LOG[39m [38;5;3m[RouterExplorer] [39m[32mMapped {/api/auth/email-health, GET} route[39m[38;5;3m +0ms[39m
2025-10-01 23:12:54 +00:00: [32m[Nest] 2792454  - [39m10/01/2025, 11:12:54 PM [32m    LOG[39m [38;5;3m[RoutesResolver] [39m[32mHealthController {/api/health}:[39m[38;5;3m +0ms[39m
2025-10-01 23:12:54 +00:00: [32m[Nest] 2792454  - [39m10/01/2025, 11:12:54 PM [32m    LOG[39m [38;5;3m[RouterExplorer] [39m[32mMapped {/api/health, GET} route[39m[38;5;3m +1ms[39m
2025-10-01 23:12:54 +00:00: ✅ Database connected successfully
2025-10-01 23:12:54 +00:00: [32m[Nest] 2792454  - [39m10/01/2025, 11:12:54 PM [32m    LOG[39m [38;5;3m[NestApplication] [39m[32mNest application successfully started[39m[38;5;3m +32ms[39m
2025-10-01 23:16:26 +00:00: [32m[Nest] 2793451  - [39m10/01/2025, 11:16:26 PM [32m    LOG[39m [38;5;3m[NestFactory] [39m[32mStarting Nest application...[39m
2025-10-01 23:16:26 +00:00: [32m[Nest] 2793451  - [39m10/01/2025, 11:16:26 PM [32m    LOG[39m [38;5;3m[InstanceLoader] [39m[32mAppModule dependencies initialized[39m[38;5;3m +57ms[39m
2025-10-01 23:16:26 +00:00: [32m[Nest] 2793451  - [39m10/01/2025, 11:16:26 PM [32m    LOG[39m [38;5;3m[InstanceLoader] [39m[32mThrottlerModule dependencies initialized[39m[38;5;3m +2ms[39m
2025-10-01 23:16:26 +00:00: [32m[Nest] 2793451  - [39m10/01/2025, 11:16:26 PM [32m    LOG[39m [38;5;3m[InstanceLoader] [39m[32mHealthModule dependencies initialized[39m[38;5;3m +0ms[39m
2025-10-01 23:16:26 +00:00: [32m[Nest] 2793451  - [39m10/01/2025, 11:16:26 PM [32m    LOG[39m [38;5;3m[InstanceLoader] [39m[32mConfigHostModule dependencies initialized[39m[38;5;3m +1ms[39m
2025-10-01 23:16:26 +00:00: [32m[Nest] 2793451  - [39m10/01/2025, 11:16:26 PM [32m    LOG[39m [38;5;3m[InstanceLoader] [39m[32mConfigModule dependencies initialized[39m[38;5;3m +1ms[39m
2025-10-01 23:16:26 +00:00: [32m[Nest] 2793451  - [39m10/01/2025, 11:16:26 PM [32m    LOG[39m [38;5;3m[InstanceLoader] [39m[32mConfigModule dependencies initialized[39m[38;5;3m +0ms[39m
2025-10-01 23:16:26 +00:00: [32m[Nest] 2793451  - [39m10/01/2025, 11:16:26 PM [32m    LOG[39m [38;5;3m[InstanceLoader] [39m[32mWebSocketModule dependencies initialized[39m[38;5;3m +20ms[39m
2025-10-01 23:16:26 +00:00: [32m[Nest] 2793451  - [39m10/01/2025, 11:16:26 PM [32m    LOG[39m [38;5;3m[InstanceLoader] [39m[32mAuthModule dependencies initialized[39m[38;5;3m +0ms[39m
2025-10-01 23:16:26 +00:00: [32m[Nest] 2793451  - [39m10/01/2025, 11:16:26 PM [32m    LOG[39m [38;5;3m[WebSocketsController] [39m[32mSocketGateway subscribed to the "authenticate" message[39m[38;5;3m +41ms[39m
2025-10-01 23:16:26 +00:00: [32m[Nest] 2793451  - [39m10/01/2025, 11:16:26 PM [32m    LOG[39m [38;5;3m[WebSocketsController] [39m[32mSocketGateway subscribed to the "update_online_status" message[39m[38;5;3m +0ms[39m
2025-10-01 23:16:26 +00:00: [32m[Nest] 2793451  - [39m10/01/2025, 11:16:26 PM [32m    LOG[39m [38;5;3m[WebSocketsController] [39m[32mSocketGateway subscribed to the "get_online_users" message[39m[38;5;3m +0ms[39m
2025-10-01 23:16:26 +00:00: [32m[Nest] 2793451  - [39m10/01/2025, 11:16:26 PM [32m    LOG[39m [38;5;3m[WebSocketsController] [39m[32mSocketGateway subscribed to the "typing_start" message[39m[38;5;3m +0ms[39m
2025-10-01 23:16:26 +00:00: [32m[Nest] 2793451  - [39m10/01/2025, 11:16:26 PM [32m    LOG[39m [38;5;3m[WebSocketsController] [39m[32mSocketGateway subscribed to the "typing_stop" message[39m[38;5;3m +0ms[39m
2025-10-01 23:16:26 +00:00: [32m[Nest] 2793451  - [39m10/01/2025, 11:16:26 PM [32m    LOG[39m [38;5;3m[RoutesResolver] [39m[32mAuthController {/api/auth}:[39m[38;5;3m +1ms[39m
2025-10-01 23:16:26 +00:00: [32m[Nest] 2793451  - [39m10/01/2025, 11:16:26 PM [32m    LOG[39m [38;5;3m[RouterExplorer] [39m[32mMapped {/api/auth/register, POST} route[39m[38;5;3m +3ms[39m
2025-10-01 23:16:26 +00:00: [32m[Nest] 2793451  - [39m10/01/2025, 11:16:26 PM [32m    LOG[39m [38;5;3m[RouterExplorer] [39m[32mMapped {/api/auth/login, POST} route[39m[38;5;3m +0ms[39m
2025-10-01 23:16:26 +00:00: [32m[Nest] 2793451  - [39m10/01/2025, 11:16:26 PM [32m    LOG[39m [38;5;3m[RouterExplorer] [39m[32mMapped {/api/auth/verify-email, POST} route[39m[38;5;3m +0ms[39m
2025-10-01 23:16:26 +00:00: [32m[Nest] 2793451  - [39m10/01/2025, 11:16:26 PM [32m    LOG[39m [38;5;3m[RouterExplorer] [39m[32mMapped {/api/auth/forgot-password, POST} route[39m[38;5;3m +0ms[39m
2025-10-01 23:16:26 +00:00: [32m[Nest] 2793451  - [39m10/01/2025, 11:16:26 PM [32m    LOG[39m [38;5;3m[RouterExplorer] [39m[32mMapped {/api/auth/reset-password, POST} route[39m[38;5;3m +1ms[39m
2025-10-01 23:16:26 +00:00: [32m[Nest] 2793451  - [39m10/01/2025, 11:16:26 PM [32m    LOG[39m [38;5;3m[RouterExplorer] [39m[32mMapped {/api/auth/refresh, POST} route[39m[38;5;3m +0ms[39m
2025-10-01 23:16:26 +00:00: [32m[Nest] 2793451  - [39m10/01/2025, 11:16:26 PM [32m    LOG[39m [38;5;3m[RouterExplorer] [39m[32mMapped {/api/auth/logout, POST} route[39m[38;5;3m +0ms[39m
2025-10-01 23:16:26 +00:00: [32m[Nest] 2793451  - [39m10/01/2025, 11:16:26 PM [32m    LOG[39m [38;5;3m[RouterExplorer] [39m[32mMapped {/api/auth/profile, GET} route[39m[38;5;3m +0ms[39m
2025-10-01 23:16:26 +00:00: [32m[Nest] 2793451  - [39m10/01/2025, 11:16:26 PM [32m    LOG[39m [38;5;3m[RouterExplorer] [39m[32mMapped {/api/auth/profile, PUT} route[39m[38;5;3m +0ms[39m
2025-10-01 23:16:26 +00:00: [32m[Nest] 2793451  - [39m10/01/2025, 11:16:26 PM [32m    LOG[39m [38;5;3m[RouterExplorer] [39m[32mMapped {/api/auth/online-status, PUT} route[39m[38;5;3m +1ms[39m
2025-10-01 23:16:26 +00:00: [32m[Nest] 2793451  - [39m10/01/2025, 11:16:26 PM [32m    LOG[39m [38;5;3m[RouterExplorer] [39m[32mMapped {/api/auth/resend-verification, POST} route[39m[38;5;3m +0ms[39m
2025-10-01 23:16:26 +00:00: [32m[Nest] 2793451  - [39m10/01/2025, 11:16:26 PM [32m    LOG[39m [38;5;3m[RouterExplorer] [39m[32mMapped {/api/auth/admin/reset-password, POST} route[39m[38;5;3m +0ms[39m
2025-10-01 23:16:26 +00:00: [32m[Nest] 2793451  - [39m10/01/2025, 11:16:26 PM [32m    LOG[39m [38;5;3m[RouterExplorer] [39m[32mMapped {/api/auth/email-health, GET} route[39m[38;5;3m +0ms[39m
2025-10-01 23:16:26 +00:00: [32m[Nest] 2793451  - [39m10/01/2025, 11:16:26 PM [32m    LOG[39m [38;5;3m[RoutesResolver] [39m[32mHealthController {/api/health}:[39m[38;5;3m +0ms[39m
2025-10-01 23:16:26 +00:00: [32m[Nest] 2793451  - [39m10/01/2025, 11:16:26 PM [32m    LOG[39m [38;5;3m[RouterExplorer] [39m[32mMapped {/api/health, GET} route[39m[38;5;3m +0ms[39m
2025-10-01 23:16:26 +00:00: ✅ Database connected successfully
2025-10-01 23:16:26 +00:00: [32m[Nest] 2793451  - [39m10/01/2025, 11:16:26 PM [32m    LOG[39m [38;5;3m[NestApplication] [39m[32mNest application successfully started[39m[38;5;3m +66ms[39m
2025-10-01 23:26:49 +00:00: [32m[Nest] 2795298  - [39m10/01/2025, 11:26:49 PM [32m    LOG[39m [38;5;3m[NestFactory] [39m[32mStarting Nest application...[39m
2025-10-01 23:26:49 +00:00: [32m[Nest] 2795298  - [39m10/01/2025, 11:26:49 PM [32m    LOG[39m [38;5;3m[InstanceLoader] [39m[32mAppModule dependencies initialized[39m[38;5;3m +20ms[39m
2025-10-01 23:26:49 +00:00: [32m[Nest] 2795298  - [39m10/01/2025, 11:26:49 PM [32m    LOG[39m [38;5;3m[InstanceLoader] [39m[32mThrottlerModule dependencies initialized[39m[38;5;3m +1ms[39m
2025-10-01 23:26:49 +00:00: [32m[Nest] 2795298  - [39m10/01/2025, 11:26:49 PM [32m    LOG[39m [38;5;3m[InstanceLoader] [39m[32mHealthModule dependencies initialized[39m[38;5;3m +0ms[39m
2025-10-01 23:26:49 +00:00: [32m[Nest] 2795298  - [39m10/01/2025, 11:26:49 PM [32m    LOG[39m [38;5;3m[InstanceLoader] [39m[32mConfigHostModule dependencies initialized[39m[38;5;3m +0ms[39m
2025-10-01 23:26:49 +00:00: [32m[Nest] 2795298  - [39m10/01/2025, 11:26:49 PM [32m    LOG[39m [38;5;3m[InstanceLoader] [39m[32mConfigModule dependencies initialized[39m[38;5;3m +1ms[39m
2025-10-01 23:26:49 +00:00: [32m[Nest] 2795298  - [39m10/01/2025, 11:26:49 PM [32m    LOG[39m [38;5;3m[InstanceLoader] [39m[32mConfigModule dependencies initialized[39m[38;5;3m +0ms[39m
2025-10-01 23:26:49 +00:00: [32m[Nest] 2795298  - [39m10/01/2025, 11:26:49 PM [32m    LOG[39m [38;5;3m[InstanceLoader] [39m[32mWebSocketModule dependencies initialized[39m[38;5;3m +12ms[39m
2025-10-01 23:26:49 +00:00: [32m[Nest] 2795298  - [39m10/01/2025, 11:26:49 PM [32m    LOG[39m [38;5;3m[InstanceLoader] [39m[32mAuthModule dependencies initialized[39m[38;5;3m +0ms[39m
2025-10-01 23:26:49 +00:00: [32m[Nest] 2795298  - [39m10/01/2025, 11:26:49 PM [32m    LOG[39m [38;5;3m[WebSocketsController] [39m[32mSocketGateway subscribed to the "authenticate" message[39m[38;5;3m +36ms[39m
2025-10-01 23:26:49 +00:00: [32m[Nest] 2795298  - [39m10/01/2025, 11:26:49 PM [32m    LOG[39m [38;5;3m[WebSocketsController] [39m[32mSocketGateway subscribed to the "update_online_status" message[39m[38;5;3m +0ms[39m
2025-10-01 23:26:49 +00:00: [32m[Nest] 2795298  - [39m10/01/2025, 11:26:49 PM [32m    LOG[39m [38;5;3m[WebSocketsController] [39m[32mSocketGateway subscribed to the "get_online_users" message[39m[38;5;3m +0ms[39m
2025-10-01 23:26:49 +00:00: [32m[Nest] 2795298  - [39m10/01/2025, 11:26:49 PM [32m    LOG[39m [38;5;3m[WebSocketsController] [39m[32mSocketGateway subscribed to the "typing_start" message[39m[38;5;3m +0ms[39m
2025-10-01 23:26:49 +00:00: [32m[Nest] 2795298  - [39m10/01/2025, 11:26:49 PM [32m    LOG[39m [38;5;3m[WebSocketsController] [39m[32mSocketGateway subscribed to the "typing_stop" message[39m[38;5;3m +0ms[39m
2025-10-01 23:26:49 +00:00: [32m[Nest] 2795298  - [39m10/01/2025, 11:26:49 PM [32m    LOG[39m [38;5;3m[RoutesResolver] [39m[32mAuthController {/api/auth}:[39m[38;5;3m +1ms[39m
2025-10-01 23:26:49 +00:00: [32m[Nest] 2795298  - [39m10/01/2025, 11:26:49 PM [32m    LOG[39m [38;5;3m[RouterExplorer] [39m[32mMapped {/api/auth/register, POST} route[39m[38;5;3m +2ms[39m
2025-10-01 23:26:49 +00:00: [32m[Nest] 2795298  - [39m10/01/2025, 11:26:49 PM [32m    LOG[39m [38;5;3m[RouterExplorer] [39m[32mMapped {/api/auth/login, POST} route[39m[38;5;3m +1ms[39m
2025-10-01 23:26:49 +00:00: [32m[Nest] 2795298  - [39m10/01/2025, 11:26:49 PM [32m    LOG[39m [38;5;3m[RouterExplorer] [39m[32mMapped {/api/auth/verify-email, POST} route[39m[38;5;3m +0ms[39m
2025-10-01 23:26:49 +00:00: [32m[Nest] 2795298  - [39m10/01/2025, 11:26:49 PM [32m    LOG[39m [38;5;3m[RouterExplorer] [39m[32mMapped {/api/auth/forgot-password, POST} route[39m[38;5;3m +0ms[39m
2025-10-01 23:26:49 +00:00: [32m[Nest] 2795298  - [39m10/01/2025, 11:26:49 PM [32m    LOG[39m [38;5;3m[RouterExplorer] [39m[32mMapped {/api/auth/reset-password, POST} route[39m[38;5;3m +0ms[39m
2025-10-01 23:26:49 +00:00: [32m[Nest] 2795298  - [39m10/01/2025, 11:26:49 PM [32m    LOG[39m [38;5;3m[RouterExplorer] [39m[32mMapped {/api/auth/refresh, POST} route[39m[38;5;3m +1ms[39m
2025-10-01 23:26:49 +00:00: [32m[Nest] 2795298  - [39m10/01/2025, 11:26:49 PM [32m    LOG[39m [38;5;3m[RouterExplorer] [39m[32mMapped {/api/auth/logout, POST} route[39m[38;5;3m +0ms[39m
2025-10-01 23:26:49 +00:00: [32m[Nest] 2795298  - [39m10/01/2025, 11:26:49 PM [32m    LOG[39m [38;5;3m[RouterExplorer] [39m[32mMapped {/api/auth/profile, GET} route[39m[38;5;3m +0ms[39m
2025-10-01 23:26:49 +00:00: [32m[Nest] 2795298  - [39m10/01/2025, 11:26:49 PM [32m    LOG[39m [38;5;3m[RouterExplorer] [39m[32mMapped {/api/auth/profile, PUT} route[39m[38;5;3m +1ms[39m
2025-10-01 23:26:49 +00:00: [32m[Nest] 2795298  - [39m10/01/2025, 11:26:49 PM [32m    LOG[39m [38;5;3m[RouterExplorer] [39m[32mMapped {/api/auth/online-status, PUT} route[39m[38;5;3m +0ms[39m
2025-10-01 23:26:49 +00:00: [32m[Nest] 2795298  - [39m10/01/2025, 11:26:49 PM [32m    LOG[39m [38;5;3m[RouterExplorer] [39m[32mMapped {/api/auth/resend-verification, POST} route[39m[38;5;3m +0ms[39m
2025-10-01 23:26:49 +00:00: [32m[Nest] 2795298  - [39m10/01/2025, 11:26:49 PM [32m    LOG[39m [38;5;3m[RouterExplorer] [39m[32mMapped {/api/auth/admin/reset-password, POST} route[39m[38;5;3m +0ms[39m
2025-10-01 23:26:49 +00:00: [32m[Nest] 2795298  - [39m10/01/2025, 11:26:49 PM [32m    LOG[39m [38;5;3m[RouterExplorer] [39m[32mMapped {/api/auth/email-health, GET} route[39m[38;5;3m +1ms[39m
2025-10-01 23:26:49 +00:00: [32m[Nest] 2795298  - [39m10/01/2025, 11:26:49 PM [32m    LOG[39m [38;5;3m[RoutesResolver] [39m[32mHealthController {/api/health}:[39m[38;5;3m +0ms[39m
2025-10-01 23:26:49 +00:00: [32m[Nest] 2795298  - [39m10/01/2025, 11:26:49 PM [32m    LOG[39m [38;5;3m[RouterExplorer] [39m[32mMapped {/api/health, GET} route[39m[38;5;3m +0ms[39m
2025-10-01 23:26:49 +00:00: ✅ Database connected successfully
2025-10-01 23:26:49 +00:00: [32m[Nest] 2795298  - [39m10/01/2025, 11:26:49 PM [32m    LOG[39m [38;5;3m[NestApplication] [39m[32mNest application successfully started[39m[38;5;3m +114ms[39m
2025-10-01 23:31:31 +00:00: [32m[Nest] 2796512  - [39m10/01/2025, 11:31:31 PM [32m    LOG[39m [38;5;3m[NestFactory] [39m[32mStarting Nest application...[39m
2025-10-01 23:31:31 +00:00: [32m[Nest] 2796512  - [39m10/01/2025, 11:31:31 PM [32m    LOG[39m [38;5;3m[InstanceLoader] [39m[32mAppModule dependencies initialized[39m[38;5;3m +19ms[39m
2025-10-01 23:31:31 +00:00: [32m[Nest] 2796512  - [39m10/01/2025, 11:31:31 PM [32m    LOG[39m [38;5;3m[InstanceLoader] [39m[32mThrottlerModule dependencies initialized[39m[38;5;3m +1ms[39m
2025-10-01 23:31:31 +00:00: [32m[Nest] 2796512  - [39m10/01/2025, 11:31:31 PM [32m    LOG[39m [38;5;3m[InstanceLoader] [39m[32mHealthModule dependencies initialized[39m[38;5;3m +0ms[39m
2025-10-01 23:31:31 +00:00: [32m[Nest] 2796512  - [39m10/01/2025, 11:31:31 PM [32m    LOG[39m [38;5;3m[InstanceLoader] [39m[32mConfigHostModule dependencies initialized[39m[38;5;3m +0ms[39m
2025-10-01 23:31:31 +00:00: [32m[Nest] 2796512  - [39m10/01/2025, 11:31:31 PM [32m    LOG[39m [38;5;3m[InstanceLoader] [39m[32mConfigModule dependencies initialized[39m[38;5;3m +1ms[39m
2025-10-01 23:31:31 +00:00: [32m[Nest] 2796512  - [39m10/01/2025, 11:31:31 PM [32m    LOG[39m [38;5;3m[InstanceLoader] [39m[32mConfigModule dependencies initialized[39m[38;5;3m +0ms[39m
2025-10-01 23:31:31 +00:00: [32m[Nest] 2796512  - [39m10/01/2025, 11:31:31 PM [32m    LOG[39m [38;5;3m[InstanceLoader] [39m[32mWebSocketModule dependencies initialized[39m[38;5;3m +8ms[39m
2025-10-01 23:31:31 +00:00: [32m[Nest] 2796512  - [39m10/01/2025, 11:31:31 PM [32m    LOG[39m [38;5;3m[InstanceLoader] [39m[32mAuthModule dependencies initialized[39m[38;5;3m +1ms[39m
2025-10-01 23:31:31 +00:00: [32m[Nest] 2796512  - [39m10/01/2025, 11:31:31 PM [32m    LOG[39m [38;5;3m[WebSocketsController] [39m[32mSocketGateway subscribed to the "authenticate" message[39m[38;5;3m +28ms[39m
2025-10-01 23:31:31 +00:00: [32m[Nest] 2796512  - [39m10/01/2025, 11:31:31 PM [32m    LOG[39m [38;5;3m[WebSocketsController] [39m[32mSocketGateway subscribed to the "update_online_status" message[39m[38;5;3m +1ms[39m
2025-10-01 23:31:31 +00:00: [32m[Nest] 2796512  - [39m10/01/2025, 11:31:31 PM [32m    LOG[39m [38;5;3m[WebSocketsController] [39m[32mSocketGateway subscribed to the "get_online_users" message[39m[38;5;3m +0ms[39m
2025-10-01 23:31:31 +00:00: [32m[Nest] 2796512  - [39m10/01/2025, 11:31:31 PM [32m    LOG[39m [38;5;3m[WebSocketsController] [39m[32mSocketGateway subscribed to the "typing_start" message[39m[38;5;3m +0ms[39m
2025-10-01 23:31:31 +00:00: [32m[Nest] 2796512  - [39m10/01/2025, 11:31:31 PM [32m    LOG[39m [38;5;3m[WebSocketsController] [39m[32mSocketGateway subscribed to the "typing_stop" message[39m[38;5;3m +0ms[39m
2025-10-01 23:31:31 +00:00: [32m[Nest] 2796512  - [39m10/01/2025, 11:31:31 PM [32m    LOG[39m [38;5;3m[RoutesResolver] [39m[32mAuthController {/api/auth}:[39m[38;5;3m +0ms[39m
2025-10-01 23:31:31 +00:00: [32m[Nest] 2796512  - [39m10/01/2025, 11:31:31 PM [32m    LOG[39m [38;5;3m[RouterExplorer] [39m[32mMapped {/api/auth/register, POST} route[39m[38;5;3m +2ms[39m
2025-10-01 23:31:31 +00:00: [32m[Nest] 2796512  - [39m10/01/2025, 11:31:31 PM [32m    LOG[39m [38;5;3m[RouterExplorer] [39m[32mMapped {/api/auth/login, POST} route[39m[38;5;3m +0ms[39m
2025-10-01 23:31:31 +00:00: [32m[Nest] 2796512  - [39m10/01/2025, 11:31:31 PM [32m    LOG[39m [38;5;3m[RouterExplorer] [39m[32mMapped {/api/auth/verify-email, POST} route[39m[38;5;3m +0ms[39m
2025-10-01 23:31:31 +00:00: [32m[Nest] 2796512  - [39m10/01/2025, 11:31:31 PM [32m    LOG[39m [38;5;3m[RouterExplorer] [39m[32mMapped {/api/auth/forgot-password, POST} route[39m[38;5;3m +1ms[39m
2025-10-01 23:31:31 +00:00: [32m[Nest] 2796512  - [39m10/01/2025, 11:31:31 PM [32m    LOG[39m [38;5;3m[RouterExplorer] [39m[32mMapped {/api/auth/reset-password, POST} route[39m[38;5;3m +0ms[39m
2025-10-01 23:31:31 +00:00: [32m[Nest] 2796512  - [39m10/01/2025, 11:31:31 PM [32m    LOG[39m [38;5;3m[RouterExplorer] [39m[32mMapped {/api/auth/refresh, POST} route[39m[38;5;3m +0ms[39m
2025-10-01 23:31:31 +00:00: [32m[Nest] 2796512  - [39m10/01/2025, 11:31:31 PM [32m    LOG[39m [38;5;3m[RouterExplorer] [39m[32mMapped {/api/auth/logout, POST} route[39m[38;5;3m +0ms[39m
2025-10-01 23:31:31 +00:00: [32m[Nest] 2796512  - [39m10/01/2025, 11:31:31 PM [32m    LOG[39m [38;5;3m[RouterExplorer] [39m[32mMapped {/api/auth/profile, GET} route[39m[38;5;3m +1ms[39m
2025-10-01 23:31:31 +00:00: [32m[Nest] 2796512  - [39m10/01/2025, 11:31:31 PM [32m    LOG[39m [38;5;3m[RouterExplorer] [39m[32mMapped {/api/auth/profile, PUT} route[39m[38;5;3m +0ms[39m
2025-10-01 23:31:31 +00:00: [32m[Nest] 2796512  - [39m10/01/2025, 11:31:31 PM [32m    LOG[39m [38;5;3m[RouterExplorer] [39m[32mMapped {/api/auth/online-status, PUT} route[39m[38;5;3m +0ms[39m
2025-10-01 23:31:31 +00:00: [32m[Nest] 2796512  - [39m10/01/2025, 11:31:31 PM [32m    LOG[39m [38;5;3m[RouterExplorer] [39m[32mMapped {/api/auth/resend-verification, POST} route[39m[38;5;3m +1ms[39m
2025-10-01 23:31:31 +00:00: [32m[Nest] 2796512  - [39m10/01/2025, 11:31:31 PM [32m    LOG[39m [38;5;3m[RouterExplorer] [39m[32mMapped {/api/auth/admin/reset-password, POST} route[39m[38;5;3m +0ms[39m
2025-10-01 23:31:31 +00:00: [32m[Nest] 2796512  - [39m10/01/2025, 11:31:31 PM [32m    LOG[39m [38;5;3m[RouterExplorer] [39m[32mMapped {/api/auth/email-health, GET} route[39m[38;5;3m +0ms[39m
2025-10-01 23:31:31 +00:00: [32m[Nest] 2796512  - [39m10/01/2025, 11:31:31 PM [32m    LOG[39m [38;5;3m[RoutesResolver] [39m[32mHealthController {/api/health}:[39m[38;5;3m +0ms[39m
2025-10-01 23:31:31 +00:00: [32m[Nest] 2796512  - [39m10/01/2025, 11:31:31 PM [32m    LOG[39m [38;5;3m[RouterExplorer] [39m[32mMapped {/api/health, GET} route[39m[38;5;3m +0ms[39m
2025-10-01 23:31:31 +00:00: ✅ Database connected successfully
2025-10-01 23:31:31 +00:00: [32m[Nest] 2796512  - [39m10/01/2025, 11:31:31 PM [32m    LOG[39m [38;5;3m[NestApplication] [39m[32mNest application successfully started[39m[38;5;3m +68ms[39m
2025-10-01 23:32:20 +00:00: [32m[Nest] 2796972  - [39m10/01/2025, 11:32:20 PM [32m    LOG[39m [38;5;3m[NestFactory] [39m[32mStarting Nest application...[39m
2025-10-01 23:32:20 +00:00: [32m[Nest] 2796972  - [39m10/01/2025, 11:32:20 PM [32m    LOG[39m [38;5;3m[InstanceLoader] [39m[32mAppModule dependencies initialized[39m[38;5;3m +18ms[39m
2025-10-01 23:32:20 +00:00: [32m[Nest] 2796972  - [39m10/01/2025, 11:32:20 PM [32m    LOG[39m [38;5;3m[InstanceLoader] [39m[32mThrottlerModule dependencies initialized[39m[38;5;3m +0ms[39m
2025-10-01 23:32:20 +00:00: [32m[Nest] 2796972  - [39m10/01/2025, 11:32:20 PM [32m    LOG[39m [38;5;3m[InstanceLoader] [39m[32mHealthModule dependencies initialized[39m[38;5;3m +0ms[39m
2025-10-01 23:32:20 +00:00: [32m[Nest] 2796972  - [39m10/01/2025, 11:32:20 PM [32m    LOG[39m [38;5;3m[InstanceLoader] [39m[32mConfigHostModule dependencies initialized[39m[38;5;3m +0ms[39m
2025-10-01 23:32:20 +00:00: [32m[Nest] 2796972  - [39m10/01/2025, 11:32:20 PM [32m    LOG[39m [38;5;3m[InstanceLoader] [39m[32mConfigModule dependencies initialized[39m[38;5;3m +1ms[39m
2025-10-01 23:32:20 +00:00: [32m[Nest] 2796972  - [39m10/01/2025, 11:32:20 PM [32m    LOG[39m [38;5;3m[InstanceLoader] [39m[32mConfigModule dependencies initialized[39m[38;5;3m +0ms[39m
2025-10-01 23:32:20 +00:00: [32m[Nest] 2796972  - [39m10/01/2025, 11:32:20 PM [32m    LOG[39m [38;5;3m[InstanceLoader] [39m[32mWebSocketModule dependencies initialized[39m[38;5;3m +11ms[39m
2025-10-01 23:32:20 +00:00: [32m[Nest] 2796972  - [39m10/01/2025, 11:32:20 PM [32m    LOG[39m [38;5;3m[InstanceLoader] [39m[32mAuthModule dependencies initialized[39m[38;5;3m +0ms[39m
2025-10-01 23:32:20 +00:00: [32m[Nest] 2796972  - [39m10/01/2025, 11:32:20 PM [32m    LOG[39m [38;5;3m[WebSocketsController] [39m[32mSocketGateway subscribed to the "authenticate" message[39m[38;5;3m +28ms[39m
2025-10-01 23:32:20 +00:00: [32m[Nest] 2796972  - [39m10/01/2025, 11:32:20 PM [32m    LOG[39m [38;5;3m[WebSocketsController] [39m[32mSocketGateway subscribed to the "update_online_status" message[39m[38;5;3m +1ms[39m
2025-10-01 23:32:20 +00:00: [32m[Nest] 2796972  - [39m10/01/2025, 11:32:20 PM [32m    LOG[39m [38;5;3m[WebSocketsController] [39m[32mSocketGateway subscribed to the "get_online_users" message[39m[38;5;3m +0ms[39m
2025-10-01 23:32:20 +00:00: [32m[Nest] 2796972  - [39m10/01/2025, 11:32:20 PM [32m    LOG[39m [38;5;3m[WebSocketsController] [39m[32mSocketGateway subscribed to the "typing_start" message[39m[38;5;3m +0ms[39m
2025-10-01 23:32:20 +00:00: [32m[Nest] 2796972  - [39m10/01/2025, 11:32:20 PM [32m    LOG[39m [38;5;3m[WebSocketsController] [39m[32mSocketGateway subscribed to the "typing_stop" message[39m[38;5;3m +0ms[39m
2025-10-01 23:32:20 +00:00: [32m[Nest] 2796972  - [39m10/01/2025, 11:32:20 PM [32m    LOG[39m [38;5;3m[RoutesResolver] [39m[32mAuthController {/api/auth}:[39m[38;5;3m +1ms[39m
2025-10-01 23:32:20 +00:00: [32m[Nest] 2796972  - [39m10/01/2025, 11:32:20 PM [32m    LOG[39m [38;5;3m[RouterExplorer] [39m[32mMapped {/api/auth/register, POST} route[39m[38;5;3m +1ms[39m
2025-10-01 23:32:20 +00:00: [32m[Nest] 2796972  - [39m10/01/2025, 11:32:20 PM [32m    LOG[39m [38;5;3m[RouterExplorer] [39m[32mMapped {/api/auth/login, POST} route[39m[38;5;3m +0ms[39m
2025-10-01 23:32:20 +00:00: [32m[Nest] 2796972  - [39m10/01/2025, 11:32:20 PM [32m    LOG[39m [38;5;3m[RouterExplorer] [39m[32mMapped {/api/auth/verify-email, POST} route[39m[38;5;3m +1ms[39m
2025-10-01 23:32:20 +00:00: [32m[Nest] 2796972  - [39m10/01/2025, 11:32:20 PM [32m    LOG[39m [38;5;3m[RouterExplorer] [39m[32mMapped {/api/auth/forgot-password, POST} route[39m[38;5;3m +0ms[39m
2025-10-01 23:32:20 +00:00: [32m[Nest] 2796972  - [39m10/01/2025, 11:32:20 PM [32m    LOG[39m [38;5;3m[RouterExplorer] [39m[32mMapped {/api/auth/reset-password, POST} route[39m[38;5;3m +0ms[39m
2025-10-01 23:32:20 +00:00: [32m[Nest] 2796972  - [39m10/01/2025, 11:32:20 PM [32m    LOG[39m [38;5;3m[RouterExplorer] [39m[32mMapped {/api/auth/refresh, POST} route[39m[38;5;3m +0ms[39m
2025-10-01 23:32:20 +00:00: [32m[Nest] 2796972  - [39m10/01/2025, 11:32:20 PM [32m    LOG[39m [38;5;3m[RouterExplorer] [39m[32mMapped {/api/auth/logout, POST} route[39m[38;5;3m +0ms[39m
2025-10-01 23:32:20 +00:00: [32m[Nest] 2796972  - [39m10/01/2025, 11:32:20 PM [32m    LOG[39m [38;5;3m[RouterExplorer] [39m[32mMapped {/api/auth/profile, GET} route[39m[38;5;3m +0ms[39m
2025-10-01 23:32:20 +00:00: [32m[Nest] 2796972  - [39m10/01/2025, 11:32:20 PM [32m    LOG[39m [38;5;3m[RouterExplorer] [39m[32mMapped {/api/auth/profile, PUT} route[39m[38;5;3m +1ms[39m
2025-10-01 23:32:20 +00:00: [32m[Nest] 2796972  - [39m10/01/2025, 11:32:20 PM [32m    LOG[39m [38;5;3m[RouterExplorer] [39m[32mMapped {/api/auth/online-status, PUT} route[39m[38;5;3m +0ms[39m
2025-10-01 23:32:20 +00:00: [32m[Nest] 2796972  - [39m10/01/2025, 11:32:20 PM [32m    LOG[39m [38;5;3m[RouterExplorer] [39m[32mMapped {/api/auth/resend-verification, POST} route[39m[38;5;3m +0ms[39m
2025-10-01 23:32:20 +00:00: [32m[Nest] 2796972  - [39m10/01/2025, 11:32:20 PM [32m    LOG[39m [38;5;3m[RouterExplorer] [39m[32mMapped {/api/auth/admin/reset-password, POST} route[39m[38;5;3m +1ms[39m
2025-10-01 23:32:20 +00:00: [32m[Nest] 2796972  - [39m10/01/2025, 11:32:20 PM [32m    LOG[39m [38;5;3m[RouterExplorer] [39m[32mMapped {/api/auth/email-health, GET} route[39m[38;5;3m +0ms[39m
2025-10-01 23:32:20 +00:00: [32m[Nest] 2796972  - [39m10/01/2025, 11:32:20 PM [32m    LOG[39m [38;5;3m[RoutesResolver] [39m[32mHealthController {/api/health}:[39m[38;5;3m +0ms[39m
2025-10-01 23:32:20 +00:00: [32m[Nest] 2796972  - [39m10/01/2025, 11:32:20 PM [32m    LOG[39m [38;5;3m[RouterExplorer] [39m[32mMapped {/api/health, GET} route[39m[38;5;3m +1ms[39m
2025-10-01 23:32:20 +00:00: ✅ Database connected successfully
2025-10-01 23:32:20 +00:00: [32m[Nest] 2796972  - [39m10/01/2025, 11:32:20 PM [32m    LOG[39m [38;5;3m[NestApplication] [39m[32mNest application successfully started[39m[38;5;3m +24ms[39m
