2025-10-01 22:44:38 +00:00: 
2025-10-01 22:44:38 +00:00: > login-signup@0.1.0 start
2025-10-01 22:44:38 +00:00: > next start
2025-10-01 22:44:38 +00:00: 
2025-10-01 22:44:38 +00:00:    ▲ Next.js 15.5.4
2025-10-01 22:44:38 +00:00:    - Local:        http://localhost:3001
2025-10-01 22:44:38 +00:00:    - Network:      http://93.127.199.59:3001
2025-10-01 22:44:38 +00:00: 
2025-10-01 22:44:38 +00:00:  ✓ Starting...
2025-10-01 22:44:38 +00:00:  ⚠ "next start" does not work with "output: standalone" configuration. Use "node .next/standalone/server.js" instead.
2025-10-01 22:44:38 +00:00:  ✓ Ready in 668ms
2025-10-01 23:37:47 +00:00: 
2025-10-01 23:37:47 +00:00: > login-signup@0.1.0 start
2025-10-01 23:37:47 +00:00: > next start
2025-10-01 23:37:47 +00:00: 
2025-10-01 23:37:48 +00:00:    ▲ Next.js 15.5.4
2025-10-01 23:37:48 +00:00:    - Local:        http://localhost:3001
2025-10-01 23:37:48 +00:00:    - Network:      http://93.127.199.59:3001
2025-10-01 23:37:48 +00:00: 
2025-10-01 23:37:48 +00:00:  ✓ Starting...
2025-10-01 23:37:48 +00:00:  ⚠ "next start" does not work with "output: standalone" configuration. Use "node .next/standalone/server.js" instead.
2025-10-01 23:37:48 +00:00:  ✓ Ready in 586ms
